\BOOKMARK [1][-]{section.1}{\376\377\0001\000\040\000A\000\040\000m\000\351\000r\000\351\000s\000\040\000b\000e\000m\000u\000t\000a\000t\000\341\000s\000a}{}% 1
\BOOKMARK [1][-]{section.2}{\376\377\0002\000\040\000O\000t\000t\000h\000o\000n\000i\000\040\000f\000e\000l\000a\000d\000a\000t\000\040\0001}{}% 2
\BOOKMARK [2][-]{subsection.2.1}{\376\377\0002\000.\0001\000\040\000L\000e\000\355\000r\000\341\000s}{section.2}% 3
\BOOKMARK [2][-]{subsection.2.2}{\376\377\0002\000.\0002\000\040\000M\000e\000g\000o\000l\000d\000\341\000s}{section.2}% 4
\BOOKMARK [1][-]{section.3}{\376\377\0003\000\040\000O\000t\000t\000h\000o\000n\000i\000\040\000f\000e\000l\000a\000d\000a\000t\000\040\0002}{}% 5
\BOOKMARK [2][-]{subsection.3.1}{\376\377\0003\000.\0001\000\040\000L\000e\000\355\000r\000\341\000s}{section.3}% 6
\BOOKMARK [2][-]{subsection.3.2}{\376\377\0003\000.\0002\000\040\000M\000e\000g\000o\000l\000d\000\341\000s}{section.3}% 7
\BOOKMARK [1][-]{section.4}{\376\377\0004\000\040\000O\000t\000t\000h\000o\000n\000i\000\040\000f\000e\000l\000a\000d\000a\000t\000\040\0003}{}% 8
\BOOKMARK [2][-]{subsection.4.1}{\376\377\0004\000.\0001\000\040\000L\000e\000\355\000r\000\341\000s}{section.4}% 9
\BOOKMARK [2][-]{subsection.4.2}{\376\377\0004\000.\0002\000\040\000M\000e\000g\000o\000l\000d\000\341\000s}{section.4}% 10
\BOOKMARK [1][-]{section.5}{\376\377\0005\000\040\000O\000t\000t\000h\000o\000n\000i\000\040\000f\000e\000l\000a\000d\000a\000t\000\040\0004}{}% 11
\BOOKMARK [2][-]{subsection.5.1}{\376\377\0005\000.\0001\000\040\000L\000e\000\355\000r\000\341\000s}{section.5}% 12
\BOOKMARK [2][-]{subsection.5.2}{\376\377\0005\000.\0002\000\040\000M\000e\000g\000o\000l\000d\000\341\000s}{section.5}% 13
\BOOKMARK [1][-]{section.6}{\376\377\0006\000\040\000L\000a\000b\000o\000r\000\040\000f\000e\000l\000a\000d\000a\000t\000\040\0001}{}% 14
\BOOKMARK [2][-]{subsection.6.1}{\376\377\0006\000.\0001\000\040\000L\000e\000\355\000r\000\341\000s}{section.6}% 15
\BOOKMARK [2][-]{subsection.6.2}{\376\377\0006\000.\0002\000\040\000M\000e\000g\000o\000l\000d\000\341\000s}{section.6}% 16
\BOOKMARK [1][-]{section.7}{\376\377\0007\000\040\000L\000a\000b\000o\000r\000\040\000f\000e\000l\000a\000d\000a\000t\000\040\0002}{}% 17
\BOOKMARK [2][-]{subsection.7.1}{\376\377\0007\000.\0001\000\040\000L\000e\000\355\000r\000\341\000s}{section.7}% 18
\BOOKMARK [2][-]{subsection.7.2}{\376\377\0007\000.\0002\000\040\000M\000e\000g\000o\000l\000d\000\341\000s}{section.7}% 19
\BOOKMARK [1][-]{section.8}{\376\377\0008\000\040\000L\000a\000b\000o\000r\000\040\000f\000e\000l\000a\000d\000a\000t\000\040\0003}{}% 20
\BOOKMARK [2][-]{subsection.8.1}{\376\377\0008\000.\0001\000\040\000L\000e\000\355\000r\000\341\000s}{section.8}% 21
\BOOKMARK [2][-]{subsection.8.2}{\376\377\0008\000.\0002\000\040\000M\000e\000g\000o\000l\000d\000\341\000s}{section.8}% 22
\BOOKMARK [1][-]{section.9}{\376\377\0009\000\040\000L\000a\000b\000o\000r\000\040\000f\000e\000l\000a\000d\000a\000t\000\040\0004}{}% 23
\BOOKMARK [2][-]{subsection.9.1}{\376\377\0009\000.\0001\000\040\000L\000e\000\355\000r\000\341\000s}{section.9}% 24
\BOOKMARK [2][-]{subsection.9.2}{\376\377\0009\000.\0002\000\040\000M\000e\000g\000o\000l\000d\000\341\000s}{section.9}% 25
\BOOKMARK [1][-]{section.10}{\376\377\0001\0000\000\040\000L\000a\000b\000o\000r\000\040\000f\000e\000l\000a\000d\000a\000t\000\040\0005}{}% 26
\BOOKMARK [2][-]{subsection.10.1}{\376\377\0001\0000\000.\0001\000\040\000L\000e\000\355\000r\000\341\000s}{section.10}% 27
\BOOKMARK [2][-]{subsection.10.2}{\376\377\0001\0000\000.\0002\000\040\000M\000e\000g\000o\000l\000d\000\341\000s}{section.10}% 28
\BOOKMARK [1][-]{section.11}{\376\377\0001\0001\000\040\000\326\000s\000s\000z\000e\000f\000o\000g\000l\000a\000l\000\341\000s}{}% 29
