This is pdfTeX, Version 3.1415926-2.5-1.40.14 (MiKTeX 2.9) (preloaded format=pdflatex 2014.9.24)  16 OCT 2014 15:43
entering extended mode
**C:/Users/Csongor/git/GepiTanulasLabor/labor4/jegyzokonyv/main.tex
(C:/Users/Csongor/git/GepiTanulasLabor/labor4/jegyzokonyv/main.tex
LaTeX2e <2011/06/27>
Babel <v3.8m> and hyphenation patterns for english, afrikaans, ancientgreek, ar
abic, armenian, assamese, basque, bengali, bokmal, bulgarian, catalan, coptic, 
croatian, czech, danish, dutch, esperanto, estonian, farsi, finnish, french, ga
lician, german, german-x-2013-05-26, greek, gujarati, hindi, hungarian, iceland
ic, indonesian, interlingua, irish, italian, kannada, kurmanji, latin, latvian,
 lithuanian, malayalam, marathi, mongolian, mongolianlmc, monogreek, ngerman, n
german-x-2013-05-26, nynorsk, oriya, panjabi, pinyin, polish, portuguese, roman
ian, russian, sanskrit, serbian, slovak, slovenian, spanish, swedish, swissgerm
an, tamil, telugu, turkish, turkmen, ukenglish, ukrainian, uppersorbian, usengl
ishmax, welsh, loaded.
(E:\Programs\MikTex\tex\latex\base\article.cls
Document Class: article 2007/10/19 v1.4h Standard LaTeX document class
(E:\Programs\MikTex\tex\latex\base\size11.clo
File: size11.clo 2007/10/19 v1.4h Standard LaTeX file (size option)
)
\c@part=\count79
\c@section=\count80
\c@subsection=\count81
\c@subsubsection=\count82
\c@paragraph=\count83
\c@subparagraph=\count84
\c@figure=\count85
\c@table=\count86
\abovecaptionskip=\skip41
\belowcaptionskip=\skip42
\bibindent=\dimen102
)
(E:\Programs\MikTex\tex\latex\base\inputenc.sty
Package: inputenc 2008/03/30 v1.1d Input encoding file
\inpenc@prehook=\toks14
\inpenc@posthook=\toks15

(E:\Programs\MikTex\tex\latex\base\utf8.def
File: utf8.def 2008/04/05 v1.1m UTF-8 support for inputenc
Now handling font encoding OML ...
... no UTF-8 mapping file for font encoding OML
Now handling font encoding T1 ...
... processing UTF-8 mapping file for font encoding T1

(E:\Programs\MikTex\tex\latex\base\t1enc.dfu
File: t1enc.dfu 2008/04/05 v1.1m UTF-8 support for inputenc
   defining Unicode char U+00A1 (decimal 161)
   defining Unicode char U+00A3 (decimal 163)
   defining Unicode char U+00AB (decimal 171)
   defining Unicode char U+00BB (decimal 187)
   defining Unicode char U+00BF (decimal 191)
   defining Unicode char U+00C0 (decimal 192)
   defining Unicode char U+00C1 (decimal 193)
   defining Unicode char U+00C2 (decimal 194)
   defining Unicode char U+00C3 (decimal 195)
   defining Unicode char U+00C4 (decimal 196)
   defining Unicode char U+00C5 (decimal 197)
   defining Unicode char U+00C6 (decimal 198)
   defining Unicode char U+00C7 (decimal 199)
   defining Unicode char U+00C8 (decimal 200)
   defining Unicode char U+00C9 (decimal 201)
   defining Unicode char U+00CA (decimal 202)
   defining Unicode char U+00CB (decimal 203)
   defining Unicode char U+00CC (decimal 204)
   defining Unicode char U+00CD (decimal 205)
   defining Unicode char U+00CE (decimal 206)
   defining Unicode char U+00CF (decimal 207)
   defining Unicode char U+00D0 (decimal 208)
   defining Unicode char U+00D1 (decimal 209)
   defining Unicode char U+00D2 (decimal 210)
   defining Unicode char U+00D3 (decimal 211)
   defining Unicode char U+00D4 (decimal 212)
   defining Unicode char U+00D5 (decimal 213)
   defining Unicode char U+00D6 (decimal 214)
   defining Unicode char U+00D8 (decimal 216)
   defining Unicode char U+00D9 (decimal 217)
   defining Unicode char U+00DA (decimal 218)
   defining Unicode char U+00DB (decimal 219)
   defining Unicode char U+00DC (decimal 220)
   defining Unicode char U+00DD (decimal 221)
   defining Unicode char U+00DE (decimal 222)
   defining Unicode char U+00DF (decimal 223)
   defining Unicode char U+00E0 (decimal 224)
   defining Unicode char U+00E1 (decimal 225)
   defining Unicode char U+00E2 (decimal 226)
   defining Unicode char U+00E3 (decimal 227)
   defining Unicode char U+00E4 (decimal 228)
   defining Unicode char U+00E5 (decimal 229)
   defining Unicode char U+00E6 (decimal 230)
   defining Unicode char U+00E7 (decimal 231)
   defining Unicode char U+00E8 (decimal 232)
   defining Unicode char U+00E9 (decimal 233)
   defining Unicode char U+00EA (decimal 234)
   defining Unicode char U+00EB (decimal 235)
   defining Unicode char U+00EC (decimal 236)
   defining Unicode char U+00ED (decimal 237)
   defining Unicode char U+00EE (decimal 238)
   defining Unicode char U+00EF (decimal 239)
   defining Unicode char U+00F0 (decimal 240)
   defining Unicode char U+00F1 (decimal 241)
   defining Unicode char U+00F2 (decimal 242)
   defining Unicode char U+00F3 (decimal 243)
   defining Unicode char U+00F4 (decimal 244)
   defining Unicode char U+00F5 (decimal 245)
   defining Unicode char U+00F6 (decimal 246)
   defining Unicode char U+00F8 (decimal 248)
   defining Unicode char U+00F9 (decimal 249)
   defining Unicode char U+00FA (decimal 250)
   defining Unicode char U+00FB (decimal 251)
   defining Unicode char U+00FC (decimal 252)
   defining Unicode char U+00FD (decimal 253)
   defining Unicode char U+00FE (decimal 254)
   defining Unicode char U+00FF (decimal 255)
   defining Unicode char U+0102 (decimal 258)
   defining Unicode char U+0103 (decimal 259)
   defining Unicode char U+0104 (decimal 260)
   defining Unicode char U+0105 (decimal 261)
   defining Unicode char U+0106 (decimal 262)
   defining Unicode char U+0107 (decimal 263)
   defining Unicode char U+010C (decimal 268)
   defining Unicode char U+010D (decimal 269)
   defining Unicode char U+010E (decimal 270)
   defining Unicode char U+010F (decimal 271)
   defining Unicode char U+0110 (decimal 272)
   defining Unicode char U+0111 (decimal 273)
   defining Unicode char U+0118 (decimal 280)
   defining Unicode char U+0119 (decimal 281)
   defining Unicode char U+011A (decimal 282)
   defining Unicode char U+011B (decimal 283)
   defining Unicode char U+011E (decimal 286)
   defining Unicode char U+011F (decimal 287)
   defining Unicode char U+0130 (decimal 304)
   defining Unicode char U+0131 (decimal 305)
   defining Unicode char U+0132 (decimal 306)
   defining Unicode char U+0133 (decimal 307)
   defining Unicode char U+0139 (decimal 313)
   defining Unicode char U+013A (decimal 314)
   defining Unicode char U+013D (decimal 317)
   defining Unicode char U+013E (decimal 318)
   defining Unicode char U+0141 (decimal 321)
   defining Unicode char U+0142 (decimal 322)
   defining Unicode char U+0143 (decimal 323)
   defining Unicode char U+0144 (decimal 324)
   defining Unicode char U+0147 (decimal 327)
   defining Unicode char U+0148 (decimal 328)
   defining Unicode char U+014A (decimal 330)
   defining Unicode char U+014B (decimal 331)
   defining Unicode char U+0150 (decimal 336)
   defining Unicode char U+0151 (decimal 337)
   defining Unicode char U+0152 (decimal 338)
   defining Unicode char U+0153 (decimal 339)
   defining Unicode char U+0154 (decimal 340)
   defining Unicode char U+0155 (decimal 341)
   defining Unicode char U+0158 (decimal 344)
   defining Unicode char U+0159 (decimal 345)
   defining Unicode char U+015A (decimal 346)
   defining Unicode char U+015B (decimal 347)
   defining Unicode char U+015E (decimal 350)
   defining Unicode char U+015F (decimal 351)
   defining Unicode char U+0160 (decimal 352)
   defining Unicode char U+0161 (decimal 353)
   defining Unicode char U+0162 (decimal 354)
   defining Unicode char U+0163 (decimal 355)
   defining Unicode char U+0164 (decimal 356)
   defining Unicode char U+0165 (decimal 357)
   defining Unicode char U+016E (decimal 366)
   defining Unicode char U+016F (decimal 367)
   defining Unicode char U+0170 (decimal 368)
   defining Unicode char U+0171 (decimal 369)
   defining Unicode char U+0178 (decimal 376)
   defining Unicode char U+0179 (decimal 377)
   defining Unicode char U+017A (decimal 378)
   defining Unicode char U+017B (decimal 379)
   defining Unicode char U+017C (decimal 380)
   defining Unicode char U+017D (decimal 381)
   defining Unicode char U+017E (decimal 382)
   defining Unicode char U+200C (decimal 8204)
   defining Unicode char U+2013 (decimal 8211)
   defining Unicode char U+2014 (decimal 8212)
   defining Unicode char U+2018 (decimal 8216)
   defining Unicode char U+2019 (decimal 8217)
   defining Unicode char U+201A (decimal 8218)
   defining Unicode char U+201C (decimal 8220)
   defining Unicode char U+201D (decimal 8221)
   defining Unicode char U+201E (decimal 8222)
   defining Unicode char U+2030 (decimal 8240)
   defining Unicode char U+2031 (decimal 8241)
   defining Unicode char U+2039 (decimal 8249)
   defining Unicode char U+203A (decimal 8250)
   defining Unicode char U+2423 (decimal 9251)
)
Now handling font encoding OT1 ...
... processing UTF-8 mapping file for font encoding OT1

(E:\Programs\MikTex\tex\latex\base\ot1enc.dfu
File: ot1enc.dfu 2008/04/05 v1.1m UTF-8 support for inputenc
   defining Unicode char U+00A1 (decimal 161)
   defining Unicode char U+00A3 (decimal 163)
   defining Unicode char U+00B8 (decimal 184)
   defining Unicode char U+00BF (decimal 191)
   defining Unicode char U+00C5 (decimal 197)
   defining Unicode char U+00C6 (decimal 198)
   defining Unicode char U+00D8 (decimal 216)
   defining Unicode char U+00DF (decimal 223)
   defining Unicode char U+00E6 (decimal 230)
   defining Unicode char U+00EC (decimal 236)
   defining Unicode char U+00ED (decimal 237)
   defining Unicode char U+00EE (decimal 238)
   defining Unicode char U+00EF (decimal 239)
   defining Unicode char U+00F8 (decimal 248)
   defining Unicode char U+0131 (decimal 305)
   defining Unicode char U+0141 (decimal 321)
   defining Unicode char U+0142 (decimal 322)
   defining Unicode char U+0152 (decimal 338)
   defining Unicode char U+0153 (decimal 339)
   defining Unicode char U+2013 (decimal 8211)
   defining Unicode char U+2014 (decimal 8212)
   defining Unicode char U+2018 (decimal 8216)
   defining Unicode char U+2019 (decimal 8217)
   defining Unicode char U+201C (decimal 8220)
   defining Unicode char U+201D (decimal 8221)
)
Now handling font encoding OMS ...
... processing UTF-8 mapping file for font encoding OMS

(E:\Programs\MikTex\tex\latex\base\omsenc.dfu
File: omsenc.dfu 2008/04/05 v1.1m UTF-8 support for inputenc
   defining Unicode char U+00A7 (decimal 167)
   defining Unicode char U+00B6 (decimal 182)
   defining Unicode char U+00B7 (decimal 183)
   defining Unicode char U+2020 (decimal 8224)
   defining Unicode char U+2021 (decimal 8225)
   defining Unicode char U+2022 (decimal 8226)
)
Now handling font encoding OMX ...
... no UTF-8 mapping file for font encoding OMX
Now handling font encoding U ...
... no UTF-8 mapping file for font encoding U
   defining Unicode char U+00A9 (decimal 169)
   defining Unicode char U+00AA (decimal 170)
   defining Unicode char U+00AE (decimal 174)
   defining Unicode char U+00BA (decimal 186)
   defining Unicode char U+02C6 (decimal 710)
   defining Unicode char U+02DC (decimal 732)
   defining Unicode char U+200C (decimal 8204)
   defining Unicode char U+2026 (decimal 8230)
   defining Unicode char U+2122 (decimal 8482)
   defining Unicode char U+2423 (decimal 9251)
))
(E:\Programs\MikTex\tex\latex\graphics\color.sty
Package: color 2005/11/14 v1.0j Standard LaTeX Color (DPC)

(E:\Programs\MikTex\tex\latex\00miktex\color.cfg
File: color.cfg 2007/01/18 v1.5 color configuration of teTeX/TeXLive
)
Package color Info: Driver file: pdftex.def on input line 130.

(E:\Programs\MikTex\tex\latex\pdftex-def\pdftex.def
File: pdftex.def 2011/05/27 v0.06d Graphics/color for pdfTeX

(E:\Programs\MikTex\tex\generic\oberdiek\infwarerr.sty
Package: infwarerr 2010/04/08 v1.3 Providing info/warning/error messages (HO)
)
(E:\Programs\MikTex\tex\generic\oberdiek\ltxcmds.sty
Package: ltxcmds 2011/11/09 v1.22 LaTeX kernel commands for general use (HO)
)
\Gread@gobject=\count87
))
(E:\Programs\MikTex\tex\latex\psnfss\times.sty
Package: times 2005/04/12 PSNFSS-v9.2a (SPQR) 
)
(E:\Programs\MikTex\tex\latex\fancyhdr\fancyhdr.sty
\fancy@headwidth=\skip43
\f@ncyO@elh=\skip44
\f@ncyO@erh=\skip45
\f@ncyO@olh=\skip46
\f@ncyO@orh=\skip47
\f@ncyO@elf=\skip48
\f@ncyO@erf=\skip49
\f@ncyO@olf=\skip50
\f@ncyO@orf=\skip51
)
(E:\Programs\MikTex\tex\generic\babel\babel.sty
Package: babel 2008/07/08 v3.8m The Babel package

*************************************
* Local config file bblopts.cfg used
*
(E:\Programs\MikTex\tex\latex\00miktex\bblopts.cfg
File: bblopts.cfg 2006/07/31 v1.0 MiKTeX 'babel' configuration
)
(C:\Users\Csongor\git\GepiTanulasLabor\labor4\jegyzokonyv\magyar.ldf
Language: magyar 2007/10/19 v1.5 Magyar support from the babel v3.7 system

(E:\Programs\MikTex\tex\generic\babel\babel.def
File: babel.def 2008/07/08 v3.8m Babel common definitions
\babel@savecnt=\count88
\U@D=\dimen103
)
Package babel Info: Making ` an active character on input line 2609.
\c@footnote@add=\count89
\c@footnote@ch=\count90
))
(E:\Programs\MikTex\tex\latex\base\t1enc.sty
Package: t1enc 1994/06/01 Standard LaTeX package
)
(E:\Programs\MikTex\tex\latex\listings\listings.sty
(E:\Programs\MikTex\tex\latex\graphics\keyval.sty
Package: keyval 1999/03/16 v1.13 key=value parser (DPC)
\KV@toks@=\toks16
)
\lst@mode=\count91
\lst@gtempboxa=\box26
\lst@token=\toks17
\lst@length=\count92
\lst@currlwidth=\dimen104
\lst@column=\count93
\lst@pos=\count94
\lst@lostspace=\dimen105
\lst@width=\dimen106
\lst@newlines=\count95
\lst@lineno=\count96
\lst@maxwidth=\dimen107

(E:\Programs\MikTex\tex\latex\listings\lstmisc.sty
File: lstmisc.sty 2014/09/06 1.5e (Carsten Heinz)
\c@lstnumber=\count97
\lst@skipnumbers=\count98
\lst@framebox=\box27
)
(E:\Programs\MikTex\tex\latex\listings\listings.cfg
File: listings.cfg 2014/09/06 1.5e listings configuration
))
Package: listings 2014/09/06 1.5e (Carsten Heinz)

(E:\Programs\MikTex\tex\latex\graphics\graphicx.sty
Package: graphicx 1999/02/16 v1.0f Enhanced LaTeX Graphics (DPC,SPQR)

(E:\Programs\MikTex\tex\latex\graphics\graphics.sty
Package: graphics 2009/02/05 v1.0o Standard LaTeX Graphics (DPC,SPQR)

(E:\Programs\MikTex\tex\latex\graphics\trig.sty
Package: trig 1999/03/16 v1.09 sin cos tan (DPC)
)
(E:\Programs\MikTex\tex\latex\00miktex\graphics.cfg
File: graphics.cfg 2007/01/18 v1.5 graphics configuration of teTeX/TeXLive
)
Package graphics Info: Driver file: pdftex.def on input line 91.
)
\Gin@req@height=\dimen108
\Gin@req@width=\dimen109
)
(E:\Programs\MikTex\tex\latex\tools\enumerate.sty
Package: enumerate 1999/03/05 v3.00 enumerate extensions (DPC)
\@enLab=\toks18
)
(E:\Programs\MikTex\tex\latex\setspace\setspace.sty
Package: setspace 2011/12/19 v6.7a set line spacing
)
(E:\Programs\MikTex\tex\latex\ltxmisc\parskip.sty
Package: parskip 2001/04/09 non-zero parskip adjustments
)
(E:\Programs\MikTex\tex\latex\ltxmisc\anysize.sty
Package: anysize 1994/08/13 1.0 Contributed LaTeX2e package

Package: `anysize' 1.0 <1994/08/13>
\@Leftmargin=\dimen110
\@Rightmargin=\dimen111
\@Topmargin=\dimen112
\@Bottommargin=\dimen113
) (E:\Programs\MikTex\tex\latex\hyperref\hyperref.sty
Package: hyperref 2012/11/06 v6.83m Hypertext links for LaTeX

(E:\Programs\MikTex\tex\generic\oberdiek\hobsub-hyperref.sty
Package: hobsub-hyperref 2012/04/25 v1.12 Bundle oberdiek, subset hyperref (HO)


(E:\Programs\MikTex\tex\generic\oberdiek\hobsub-generic.sty
Package: hobsub-generic 2012/04/25 v1.12 Bundle oberdiek, subset generic (HO)
Package: hobsub 2012/04/25 v1.12 Construct package bundles (HO)
Package hobsub Info: Skipping package `infwarerr' (already loaded).
Package hobsub Info: Skipping package `ltxcmds' (already loaded).
Package: ifluatex 2010/03/01 v1.3 Provides the ifluatex switch (HO)
Package ifluatex Info: LuaTeX not detected.
Package: ifvtex 2010/03/01 v1.5 Detect VTeX and its facilities (HO)
Package ifvtex Info: VTeX not detected.
Package: intcalc 2007/09/27 v1.1 Expandable calculations with integers (HO)
Package: ifpdf 2011/01/30 v2.3 Provides the ifpdf switch (HO)
Package ifpdf Info: pdfTeX in PDF mode is detected.
Package: etexcmds 2011/02/16 v1.5 Avoid name clashes with e-TeX commands (HO)
Package etexcmds Info: Could not find \expanded.
(etexcmds)             That can mean that you are not using pdfTeX 1.50 or
(etexcmds)             that some package has redefined \expanded.
(etexcmds)             In the latter case, load this package earlier.
Package: kvsetkeys 2012/04/25 v1.16 Key value parser (HO)
Package: kvdefinekeys 2011/04/07 v1.3 Define keys (HO)
Package: pdftexcmds 2011/11/29 v0.20 Utility functions of pdfTeX for LuaTeX (HO
)
Package pdftexcmds Info: LuaTeX not detected.
Package pdftexcmds Info: \pdf@primitive is available.
Package pdftexcmds Info: \pdf@ifprimitive is available.
Package pdftexcmds Info: \pdfdraftmode found.
Package: pdfescape 2011/11/25 v1.13 Implements pdfTeX's escape features (HO)
Package: bigintcalc 2012/04/08 v1.3 Expandable calculations on big integers (HO
)
Package: bitset 2011/01/30 v1.1 Handle bit-vector datatype (HO)
Package: uniquecounter 2011/01/30 v1.2 Provide unlimited unique counter (HO)
)
Package hobsub Info: Skipping package `hobsub' (already loaded).
Package: letltxmacro 2010/09/02 v1.4 Let assignment for LaTeX macros (HO)
Package: hopatch 2011/06/24 v1.1 Wrapper for package hooks (HO)
Package: xcolor-patch 2011/01/30 xcolor patch
Package: atveryend 2011/06/30 v1.8 Hooks at the very end of document (HO)
Package atveryend Info: \enddocument detected (standard20110627).
Package: atbegshi 2011/10/05 v1.16 At begin shipout hook (HO)
Package: refcount 2011/10/16 v3.4 Data extraction from label references (HO)
Package: hycolor 2011/01/30 v1.7 Color options for hyperref/bookmark (HO)
)
(E:\Programs\MikTex\tex\generic\ifxetex\ifxetex.sty
Package: ifxetex 2010/09/12 v0.6 Provides ifxetex conditional
)
(E:\Programs\MikTex\tex\latex\oberdiek\auxhook.sty
Package: auxhook 2011/03/04 v1.3 Hooks for auxiliary files (HO)
)
(E:\Programs\MikTex\tex\latex\oberdiek\kvoptions.sty
Package: kvoptions 2011/06/30 v3.11 Key value format for package options (HO)
)
\@linkdim=\dimen114
\Hy@linkcounter=\count99
\Hy@pagecounter=\count100

(E:\Programs\MikTex\tex\latex\hyperref\pd1enc.def
File: pd1enc.def 2012/11/06 v6.83m Hyperref: PDFDocEncoding definition (HO)
Now handling font encoding PD1 ...
... no UTF-8 mapping file for font encoding PD1
)
\Hy@SavedSpaceFactor=\count101

(E:\Programs\MikTex\tex\latex\00miktex\hyperref.cfg
File: hyperref.cfg 2002/06/06 v1.2 hyperref configuration of TeXLive
)
Package hyperref Info: Option `pdfdisplaydoctitle' set `true' on input line 431
9.
Package hyperref Info: Option `unicode' set `true' on input line 4319.

(E:\Programs\MikTex\tex\latex\hyperref\puenc.def
File: puenc.def 2012/11/06 v6.83m Hyperref: PDF Unicode definition (HO)
Now handling font encoding PU ...
... no UTF-8 mapping file for font encoding PU
)
Package hyperref Info: Hyper figures OFF on input line 4443.
Package hyperref Info: Link nesting OFF on input line 4448.
Package hyperref Info: Hyper index ON on input line 4451.
Package hyperref Info: Plain pages OFF on input line 4458.
Package hyperref Info: Backreferencing OFF on input line 4463.
Package hyperref Info: Implicit mode ON; LaTeX internals redefined.
Package hyperref Info: Bookmarks ON on input line 4688.
\c@Hy@tempcnt=\count102

(E:\Programs\MikTex\tex\latex\url\url.sty
\Urlmuskip=\muskip10
Package: url 2013/09/16  ver 3.4  Verb mode for urls, etc.
)
LaTeX Info: Redefining \url on input line 5041.
\XeTeXLinkMargin=\dimen115
\Fld@menulength=\count103
\Field@Width=\dimen116
\Fld@charsize=\dimen117
Package hyperref Info: Hyper figures OFF on input line 6295.
Package hyperref Info: Link nesting OFF on input line 6300.
Package hyperref Info: Hyper index ON on input line 6303.
Package hyperref Info: backreferencing OFF on input line 6310.
Package hyperref Info: Link coloring OFF on input line 6315.
Package hyperref Info: Link coloring with OCG OFF on input line 6320.
Package hyperref Info: PDF/A mode OFF on input line 6325.
LaTeX Info: Redefining \ref on input line 6365.
LaTeX Info: Redefining \pageref on input line 6369.
\Hy@abspage=\count104
\c@Item=\count105
\c@Hfootnote=\count106
)

Package hyperref Message: Driver (autodetected): hpdftex.

(E:\Programs\MikTex\tex\latex\hyperref\hpdftex.def
File: hpdftex.def 2012/11/06 v6.83m Hyperref driver for pdfTeX
\Fld@listcount=\count107
\c@bookmark@seq@number=\count108

(E:\Programs\MikTex\tex\latex\oberdiek\rerunfilecheck.sty
Package: rerunfilecheck 2011/04/15 v1.7 Rerun checks for auxiliary files (HO)
Package uniquecounter Info: New unique counter `rerunfilecheck' on input line 2
82.
)
\Hy@SectionHShift=\skip52
)
Package hyperref Info: Option `colorlinks' set `true' on input line 52.
Package hyperref Info: Option `bookmarksnumbered' set `true' on input line 52.

(C:\Users\Csongor\git\GepiTanulasLabor\labor4\jegyzokonyv\main.aux
(C:\Users\Csongor\git\GepiTanulasLabor\labor4\jegyzokonyv\titlepage.aux)
(C:\Users\Csongor\git\GepiTanulasLabor\labor4\jegyzokonyv\content.aux))
LaTeX Font Info:    Checking defaults for OML/cmm/m/it on input line 86.
LaTeX Font Info:    ... okay on input line 86.
LaTeX Font Info:    Checking defaults for T1/cmr/m/n on input line 86.
LaTeX Font Info:    ... okay on input line 86.
LaTeX Font Info:    Checking defaults for OT1/cmr/m/n on input line 86.
LaTeX Font Info:    ... okay on input line 86.
LaTeX Font Info:    Checking defaults for OMS/cmsy/m/n on input line 86.
LaTeX Font Info:    ... okay on input line 86.
LaTeX Font Info:    Checking defaults for OMX/cmex/m/n on input line 86.
LaTeX Font Info:    ... okay on input line 86.
LaTeX Font Info:    Checking defaults for U/cmr/m/n on input line 86.
LaTeX Font Info:    ... okay on input line 86.
LaTeX Font Info:    Checking defaults for PD1/pdf/m/n on input line 86.
LaTeX Font Info:    ... okay on input line 86.
LaTeX Font Info:    Checking defaults for PU/pdf/m/n on input line 86.
LaTeX Font Info:    ... okay on input line 86.
LaTeX Font Info:    Try loading font information for T1+ptm on input line 86.

(E:\Programs\MikTex\tex\latex\psnfss\t1ptm.fd
File: t1ptm.fd 2001/06/04 font definitions for T1/ptm.
)
(E:\Programs\MikTex\tex\context\base\supp-pdf.mkii
[Loading MPS to PDF converter (version 2006.09.02).]
\scratchcounter=\count109
\scratchdimen=\dimen118
\scratchbox=\box28
\nofMPsegments=\count110
\nofMParguments=\count111
\everyMPshowfont=\toks19
\MPscratchCnt=\count112
\MPscratchDim=\dimen119
\MPnumerator=\count113
\makeMPintoPDFobject=\count114
\everyMPtoPDFconversion=\toks20
)
\c@lstlisting=\count115
\AtBeginShipoutBox=\box29
Package hyperref Info: Link coloring ON on input line 86.
 (E:\Programs\MikTex\tex\latex\hyperref\nameref.sty
Package: nameref 2012/10/27 v2.43 Cross-referencing by name of section

(E:\Programs\MikTex\tex\generic\oberdiek\gettitlestring.sty
Package: gettitlestring 2010/12/03 v1.4 Cleanup title references (HO)
)
\c@section@level=\count116
)
LaTeX Info: Redefining \ref on input line 86.
LaTeX Info: Redefining \pageref on input line 86.
LaTeX Info: Redefining \nameref on input line 86.

(C:\Users\Csongor\git\GepiTanulasLabor\labor4\jegyzokonyv\main.out)
(C:\Users\Csongor\git\GepiTanulasLabor\labor4\jegyzokonyv\main.out)
\@outlinefile=\write3

(E:\Programs\MikTex\tex\latex\base\article.cls
LaTeX Info: Redefining \cal on input line 506.
LaTeX Info: Redefining \mit on input line 507.
)
(C:\Users\Csongor\git\GepiTanulasLabor\labor4\jegyzokonyv\titlepage.tex
<figures/BMElogo.png, id=107, 975.645pt x 273.02pt>
File: figures/BMElogo.png Graphic file (type png)
 <use figures/BMElogo.png>
Package pdftex.def Info: figures/BMElogo.png used on input line 8.
(pdftex.def)             Requested size: 200.0pt x 55.96529pt.
LaTeX Font Info:    Font shape `T1/ptm/bx/n' in size <10.95> not available
(Font)              Font shape `T1/ptm/b/n' tried instead on input line 10.
LaTeX Font Info:    Font shape `T1/ptm/bx/n' in size <20.74> not available
(Font)              Font shape `T1/ptm/b/n' tried instead on input line 15.

[1



{E:/Programs/MikTex/pdftex/config/pdftex.map} <C:/Users/Csongor/git/GepiTanulas
Labor/labor4/jegyzokonyv/figures/BMElogo.png>])
LaTeX Font Info:    Font shape `T1/ptm/bx/n' in size <14.4> not available
(Font)              Font shape `T1/ptm/b/n' tried instead on input line 88.

(C:\Users\Csongor\git\GepiTanulasLabor\labor4\jegyzokonyv\main.toc
LaTeX Font Info:    External font `cmex10' loaded for size
(Font)              <10.95> on input line 3.
LaTeX Font Info:    External font `cmex10' loaded for size
(Font)              <8> on input line 3.
LaTeX Font Info:    External font `cmex10' loaded for size
(Font)              <6> on input line 3.
)
\tf@toc=\write4


Package Fancyhdr Warning: \headheight is too small (12.0pt): 
 Make it at least 13.59999pt.
 We now make it that large for the rest of the document.
 This may cause the page layout to be inconsistent, however.

pdfTeX warning (ext4): destination with the same identifier (name{page.1}) has 
been already used, duplicate ignored
<to be read again> 
                   \relax 
l.89 \newpage
              [1




pdfTeX warning: pdflatex.EXE: pop empty color page stack 0
] (C:\Users\Csongor\git\GepiTanulasLabor\labor4\jegyzokonyv\content.tex
LaTeX Font Info:    Font shape `T1/ptm/bx/n' in size <12> not available
(Font)              Font shape `T1/ptm/b/n' tried instead on input line 9.

<figures/pd_nfg_dom.png, id=145, 590.205pt x 249.93375pt>
File: figures/pd_nfg_dom.png Graphic file (type png)

<use figures/pd_nfg_dom.png>
Package pdftex.def Info: figures/pd_nfg_dom.png used on input line 23.
(pdftex.def)             Requested size: 470.34546pt x 199.16928pt.

<figures/hd2v4_dom.png, id=146, 459.21562pt x 219.82124pt>
File: figures/hd2v4_dom.png Graphic file (type png)

<use figures/hd2v4_dom.png>
Package pdftex.def Info: figures/hd2v4_dom.png used on input line 32.
(pdftex.def)             Requested size: 416.08604pt x 199.16928pt.


LaTeX Warning: `!h' float specifier changed to `!ht'.

<figures/hd2v2.png, id=147, 459.96844pt x 248.42813pt>
File: figures/hd2v2.png Graphic file (type png)
 <use figures/hd2v2.png>
Package pdftex.def Info: figures/hd2v2.png used on input line 41.
(pdftex.def)             Requested size: 368.76834pt x 199.16928pt.


LaTeX Warning: `!h' float specifier changed to `!ht'.

<figures/hd3_dom.png, id=148, 638.385pt x 218.31563pt>
File: figures/hd3_dom.png Graphic file (type png)

<use figures/hd3_dom.png>
Package pdftex.def Info: figures/hd3_dom.png used on input line 50.
(pdftex.def)             Requested size: 415.99734pt x 142.26378pt.


LaTeX Warning: `!h' float specifier changed to `!ht'.

<figures/tot.png, id=149, 439.6425pt x 286.82156pt>
File: figures/tot.png Graphic file (type png)
 <use figures/tot.png>
Package pdftex.def Info: figures/tot.png used on input line 60.
(pdftex.def)             Requested size: 305.29237pt x 199.16928pt.


LaTeX Warning: `!h' float specifier changed to `!ht'.

[2

 <C:/Users/Csongor/git/GepiTanulasLabor/labor4/jegyzokonyv/figures/pd_nfg_dom.p
ng>] [3 <C:/Users/Csongor/git/GepiTanulasLabor/labor4/jegyzokonyv/figures/hd2v4
_dom.png> <C:/Users/Csongor/git/GepiTanulasLabor/labor4/jegyzokonyv/figures/hd2
v2.png> <C:/Users/Csongor/git/GepiTanulasLabor/labor4/jegyzokonyv/figures/hd3_d
om.png>]
LaTeX Font Info:    Try loading font information for OMS+ptm on input line 74.
 (E:\Programs\MikTex\tex\latex\psnfss\omsptm.fd
File: omsptm.fd 
)
LaTeX Font Info:    Font shape `OMS/ptm/m/n' in size <10.95> not available
(Font)              Font shape `OMS/cmsy/m/n' tried instead on input line 74.

<figures/fogoly.png, id=167, 459.96844pt x 219.82124pt>
File: figures/fogoly.png Graphic file (type png)

<use figures/fogoly.png>
Package pdftex.def Info: figures/fogoly.png used on input line 77.
(pdftex.def)             Requested size: 416.76817pt x 199.16928pt.


LaTeX Warning: `!h' float specifier changed to `!ht'.

<figures/nyul.png, id=168, 459.21562pt x 252.19218pt>
File: figures/nyul.png Graphic file (type png)
 <use figures/nyul.png>
Package pdftex.def Info: figures/nyul.png used on input line 86.
(pdftex.def)             Requested size: 362.67125pt x 199.16928pt.


LaTeX Warning: `!h' float specifier changed to `!ht'.

<figures/nemek.png, id=169, 458.46281pt x 259.7203pt>
File: figures/nemek.png Graphic file (type png)
 <use figures/nemek.png>
Package pdftex.def Info: figures/nemek.png used on input line 95.
(pdftex.def)             Requested size: 351.57635pt x 199.16928pt.


LaTeX Warning: `!h' float specifier changed to `!ht'.

<figures/uru.png, id=170, 464.4853pt x 254.45062pt>
File: figures/uru.png Graphic file (type png)
 <use figures/uru.png>
Package pdftex.def Info: figures/uru.png used on input line 103.
(pdftex.def)             Requested size: 363.587pt x 199.16928pt.


LaTeX Warning: `!h' float specifier changed to `!ht'.

<figures/erme.png, id=171, 460.72125pt x 218.31563pt>
File: figures/erme.png Graphic file (type png)
 <use figures/erme.png>
Package pdftex.def Info: figures/erme.png used on input line 112.
(pdftex.def)             Requested size: 420.31853pt x 199.16928pt.


LaTeX Warning: `!h' float specifier changed to `!ht'.

[4 <C:/Users/Csongor/git/GepiTanulasLabor/labor4/jegyzokonyv/figures/tot.png>]
[5 <C:/Users/Csongor/git/GepiTanulasLabor/labor4/jegyzokonyv/figures/fogoly.png
> <C:/Users/Csongor/git/GepiTanulasLabor/labor4/jegyzokonyv/figures/nyul.png>]
[6 <C:/Users/Csongor/git/GepiTanulasLabor/labor4/jegyzokonyv/figures/nemek.png>
 <C:/Users/Csongor/git/GepiTanulasLabor/labor4/jegyzokonyv/figures/uru.png>]
<figures/fogoly_jadex.png, id=191, 868.74562pt x 505.13719pt>
File: figures/fogoly_jadex.png Graphic file (type png)

<use figures/fogoly_jadex.png>
Package pdftex.def Info: figures/fogoly_jadex.png used on input line 136.
(pdftex.def)             Requested size: 342.53436pt x 199.16928pt.
LaTeX Font Info:    Try loading font information for T1+pcr on input line 141.
 (E:\Programs\MikTex\tex\latex\psnfss\t1pcr.fd
File: t1pcr.fd 2001/06/04 font definitions for T1/pcr.
)
<figures/nyul_jadex.png, id=192, 612.78937pt x 500.62032pt>
File: figures/nyul_jadex.png Graphic file (type png)

<use figures/nyul_jadex.png>
Package pdftex.def Info: figures/nyul_jadex.png used on input line 153.
(pdftex.def)             Requested size: 243.793pt x 199.16928pt.


LaTeX Warning: `h' float specifier changed to `ht'.

<figures/nemek_jadex.png, id=193, 609.77812pt x 496.10344pt>
File: figures/nemek_jadex.png Graphic file (type png)

<use figures/nemek_jadex.png>
Package pdftex.def Info: figures/nemek_jadex.png used on input line 170.
(pdftex.def)             Requested size: 244.80945pt x 199.16928pt.


LaTeX Warning: `h' float specifier changed to `ht'.

<figures/uru_jadex.png, id=194, 611.28375pt x 498.36188pt>
File: figures/uru_jadex.png Graphic file (type png)

<use figures/uru_jadex.png>
Package pdftex.def Info: figures/uru_jadex.png used on input line 187.
(pdftex.def)             Requested size: 244.29463pt x 199.16928pt.


LaTeX Warning: `h' float specifier changed to `ht'.

<figures/erme_jadex.png, id=195, 612.03656pt x 499.8675pt>
File: figures/erme_jadex.png Graphic file (type png)

<use figures/erme_jadex.png>
Package pdftex.def Info: figures/erme_jadex.png used on input line 204.
(pdftex.def)             Requested size: 243.85771pt x 199.16928pt.


LaTeX Warning: `h' float specifier changed to `ht'.

[7 <C:/Users/Csongor/git/GepiTanulasLabor/labor4/jegyzokonyv/figures/erme.png> 
<C:/Users/Csongor/git/GepiTanulasLabor/labor4/jegyzokonyv/figures/fogoly_jadex.
png>] [8 <C:/Users/Csongor/git/GepiTanulasLabor/labor4/jegyzokonyv/figures/nyul
_jadex.png>] <figures/voting_big.png, id=236, 408.77719pt x 243.91125pt>
File: figures/voting_big.png Graphic file (type png)

<use figures/voting_big.png>
Package pdftex.def Info: figures/voting_big.png used on input line 228.
(pdftex.def)             Requested size: 333.79604pt x 199.16928pt.

<figures/voting_small.png, id=237, 630.85687pt x 442.65375pt>
File: figures/voting_small.png Graphic file (type png)

<use figures/voting_small.png>
Package pdftex.def Info: figures/voting_small.png used on input line 235.
(pdftex.def)             Requested size: 283.8541pt x 199.16928pt.

<figures/voting_small2.png, id=238, 668.4975pt x 146.04562pt>
File: figures/voting_small2.png Graphic file (type png)

<use figures/voting_small2.png>
Package pdftex.def Info: figures/voting_small2.png used on input line 241.
(pdftex.def)             Requested size: 651.24692pt x 142.26378pt.

Overfull \hbox (167.55005pt too wide) in paragraph at lines 241--242
 [] 
 []

[9 <C:/Users/Csongor/git/GepiTanulasLabor/labor4/jegyzokonyv/figures/nemek_jade
x.png> <C:/Users/Csongor/git/GepiTanulasLabor/labor4/jegyzokonyv/figures/uru_ja
dex.png>]

LaTeX Warning: `h' float specifier changed to `ht'.


LaTeX Warning: `h' float specifier changed to `ht'.

[10 <C:/Users/Csongor/git/GepiTanulasLabor/labor4/jegyzokonyv/figures/erme_jade
x.png> <C:/Users/Csongor/git/GepiTanulasLabor/labor4/jegyzokonyv/figures/voting
_big.png>] <figures/voting_jadex.png, id=258, 609.77812pt x 498.36188pt>
File: figures/voting_jadex.png Graphic file (type png)

<use figures/voting_jadex.png>
Package pdftex.def Info: figures/voting_jadex.png used on input line 264.
(pdftex.def)             Requested size: 243.69292pt x 199.16928pt.


LaTeX Warning: `h' float specifier changed to `ht'.

[11 <C:/Users/Csongor/git/GepiTanulasLabor/labor4/jegyzokonyv/figures/voting_sm
all.png> <C:/Users/Csongor/git/GepiTanulasLabor/labor4/jegyzokonyv/figures/voti
ng_small2.png>] <figures/auction.png, id=265, 474.27188pt x 380.92313pt>
File: figures/auction.png Graphic file (type png)

<use figures/auction.png>
Package pdftex.def Info: figures/auction.png used on input line 277.
(pdftex.def)             Requested size: 247.97607pt x 199.16928pt.


LaTeX Warning: `h' float specifier changed to `ht'.

[12 <C:/Users/Csongor/git/GepiTanulasLabor/labor4/jegyzokonyv/figures/voting_ja
dex.png>] <figures/auction_jadex.png, id=281, 593.96906pt x 436.63126pt>
File: figures/auction_jadex.png Graphic file (type png)

<use figures/auction_jadex.png>
Package pdftex.def Info: figures/auction_jadex.png used on input line 299.
(pdftex.def)             Requested size: 270.93608pt x 199.16928pt.


LaTeX Warning: `!h' float specifier changed to `!ht'.

) [13 <C:/Users/Csongor/git/GepiTanulasLabor/labor4/jegyzokonyv/figures/auction
.png>] [14 <C:/Users/Csongor/git/GepiTanulasLabor/labor4/jegyzokonyv/figures/au
ction_jadex.png>]
Package atveryend Info: Empty hook `BeforeClearDocument' on input line 91.
Package atveryend Info: Empty hook `AfterLastShipout' on input line 91.

(C:\Users\Csongor\git\GepiTanulasLabor\labor4\jegyzokonyv\main.aux
(C:\Users\Csongor\git\GepiTanulasLabor\labor4\jegyzokonyv\titlepage.aux)
(C:\Users\Csongor\git\GepiTanulasLabor\labor4\jegyzokonyv\content.aux))
Package atveryend Info: Executing hook `AtVeryEndDocument' on input line 91.
Package atveryend Info: Executing hook `AtEndAfterFileList' on input line 91.
Package rerunfilecheck Info: File `main.out' has not changed.
(rerunfilecheck)             Checksum: 52156046C675067D1E4CB9241FA2E1E4;3385.
Package atveryend Info: Empty hook `AtVeryVeryEnd' on input line 91.
 ) 
Here is how much of TeX's memory you used:
 11855 strings out of 493921
 168025 string characters out of 3150960
 269973 words of memory out of 3000000
 14896 multiletter control sequences out of 15000+200000
 38711 words of font info for 44 fonts, out of 3000000 for 9000
 841 hyphenation exceptions out of 8191
 29i,11n,43p,1361b,1147s stack positions out of 5000i,500n,10000p,200000b,50000s
{E:/Programs/MikTex/fonts/enc/dvips/fontname/8r.enc}<E:/Programs/MikTex/fonts
/type1/public/amsfonts/cm/cmsy10.pfb><E:/Programs/MikTex/fonts/type1/urw/courie
r/ucrr8a.pfb><E:/Programs/MikTex/fonts/type1/urw/times/utmb8a.pfb><E:/Programs/
MikTex/fonts/type1/urw/times/utmr8a.pfb>
Output written on main.pdf (15 pages, 547126 bytes).
PDF statistics:
 344 PDF objects out of 1000 (max. 8388607)
 121 named destinations out of 1000 (max. 500000)
 319 words of extra memory for PDF output out of 10000 (max. 10000000)

